13:28:34.246 INFO [GridLauncherV3.parse] - Selenium server version: 3.141.59, revision: e82be7d358
13:28:34.285 INFO [GridLauncherV3.lambda$buildLaunchers$3] - Launching a standalone Selenium Server on port 4444
2019-11-16 13:28:34.316:INFO::main: Logging initialized @221ms to org.seleniumhq.jetty9.util.log.StdErrLog
13:28:34.472 INFO [WebDriverServlet.<init>] - Initialising WebDriverServlet
13:28:34.895 INFO [SeleniumServer.boot] - Selenium Server is up and running on port 4444
13:28:35.084 INFO [ActiveSessionFactory.apply] - Capabilities are: {
  "acceptSslCerts": true,
  "browserName": "chrome",
  "chromeOptions": {
    "w3c": false
  },
  "name": "Test"
}
13:28:35.086 INFO [ActiveSessionFactory.lambda$apply$11] - Matched factory org.openqa.selenium.grid.session.remote.ServicedSession$Factory (provider: org.openqa.selenium.chrome.ChromeDriverService)
Starting ChromeDriver 78.0.3904.70 (edb9c9f3de0247fd912a77b7f6cae7447f6d3ad5-refs/branch-heads/3904@{#800}) on port 7861
Only local connections are allowed.
Please protect ports used by ChromeDriver and related test frameworks to prevent access by malicious code.
13:28:37.313 INFO [ProtocolHandshake.createSession] - Detected dialect: OSS
13:28:37.474 INFO [RemoteSession$Factory.lambda$performHandshake$0] - Started new session 85d35caa4772bd235bfa9a2125709972 (org.openqa.selenium.chrome.ChromeDriverService)
13:28:43.144 INFO [ActiveSessions$1.onStop] - Removing session 85d35caa4772bd235bfa9a2125709972 (org.openqa.selenium.chrome.ChromeDriverService)
